{
  "RSpec": {
    "coverage": {
      "/cs/fs2/home/mhaanran/RubyProjects/worktime/app/models/project.rb": [
        1,
        1,
        null,
        1,
        1,
        1,
        1,
        null
      ],
      "/cs/fs2/home/mhaanran/RubyProjects/worktime/app/models/user.rb": [
        1,
        1,
        null,
        1,
        null,
        null,
        1,
        null,
        null,
        null,
        1,
        1,
        1,
        null
      ],
      "/cs/fs2/home/mhaanran/RubyProjects/worktime/app/helpers/application_helper.rb": [
        1,
        null
      ],
      "/cs/fs2/home/mhaanran/RubyProjects/worktime/app/helpers/entries_helper.rb": [
        1,
        null
      ],
      "/cs/fs2/home/mhaanran/RubyProjects/worktime/app/helpers/projects_helper.rb": [
        1,
        null
      ],
      "/cs/fs2/home/mhaanran/RubyProjects/worktime/app/helpers/tasks_helper.rb": [
        1,
        null
      ],
      "/cs/fs2/home/mhaanran/RubyProjects/worktime/app/helpers/user_projects_helper.rb": [
        1,
        null
      ],
      "/cs/fs2/home/mhaanran/RubyProjects/worktime/app/helpers/users_helper.rb": [
        1,
        null
      ],
      "/cs/fs2/home/mhaanran/RubyProjects/worktime/app/models/entry.rb": [
        1,
        1,
        1,
        1,
        1,
        null
      ],
      "/cs/fs2/home/mhaanran/RubyProjects/worktime/app/models/task.rb": [
        1,
        1,
        null,
        1,
        1,
        null
      ],
      "/cs/fs2/home/mhaanran/RubyProjects/worktime/app/models/user_project.rb": [
        1,
        1,
        1,
        1,
        1,
        null
      ],
      "/cs/fs2/home/mhaanran/RubyProjects/worktime/app/controllers/sessions_controller.rb": [
        1,
        null,
        1,
        null,
        null,
        1,
        20,
        20,
        2,
        null,
        18,
        18,
        null,
        null,
        null,
        1,
        2,
        2,
        null,
        null
      ],
      "/cs/fs2/home/mhaanran/RubyProjects/worktime/app/controllers/application_controller.rb": [
        1,
        null,
        null,
        1,
        null,
        1,
        null,
        1,
        221,
        178,
        null,
        null,
        1,
        40,
        null,
        null,
        1,
        13,
        13,
        null,
        null,
        null
      ],
      "/cs/fs2/home/mhaanran/RubyProjects/worktime/app/controllers/projects_controller.rb": [
        1,
        1,
        1,
        1,
        null,
        null,
        null,
        1,
        31,
        null,
        null,
        null,
        null,
        1,
        4,
        null,
        null,
        null,
        null,
        1,
        2,
        null,
        null,
        null,
        1,
        null,
        null,
        null,
        null,
        1,
        2,
        null,
        2,
        2,
        2,
        1,
        null,
        2,
        1,
        null,
        null,
        null,
        null,
        null,
        null,
        1,
        2,
        2,
        2,
        1,
        null,
        2,
        1,
        null,
        null,
        null,
        null,
        null,
        null,
        1,
        1,
        1,
        2,
        1,
        null,
        null,
        null,
        1,
        null,
        1,
        9,
        null,
        null,
        null,
        1,
        4,
        null,
        null
      ],
      "/cs/fs2/home/mhaanran/RubyProjects/worktime/app/controllers/users_controller.rb": [
        1,
        1,
        1,
        1,
        null,
        null,
        null,
        1,
        5,
        null,
        null,
        null,
        null,
        1,
        null,
        null,
        null,
        1,
        7,
        null,
        null,
        null,
        1,
        null,
        null,
        null,
        null,
        1,
        7,
        null,
        7,
        7,
        4,
        2,
        null,
        10,
        5,
        null,
        null,
        null,
        null,
        null,
        null,
        1,
        2,
        2,
        2,
        1,
        null,
        2,
        1,
        null,
        null,
        null,
        null,
        null,
        null,
        1,
        1,
        1,
        2,
        1,
        null,
        null,
        null,
        1,
        null,
        1,
        9,
        null,
        null,
        null,
        1,
        9,
        null,
        null
      ],
      "/cs/fs2/home/mhaanran/RubyProjects/worktime/app/controllers/user_projects_controller.rb": [
        1,
        1,
        1,
        1,
        1,
        null,
        null,
        1,
        7,
        null,
        null,
        null,
        null,
        1,
        null,
        null,
        null,
        1,
        4,
        null,
        null,
        null,
        1,
        null,
        null,
        null,
        null,
        1,
        4,
        null,
        4,
        4,
        8,
        4,
        null,
        0,
        0,
        null,
        null,
        null,
        null,
        null,
        null,
        1,
        1,
        1,
        2,
        1,
        null,
        0,
        0,
        null,
        null,
        null,
        null,
        null,
        null,
        1,
        1,
        1,
        2,
        1,
        null,
        null,
        null,
        1,
        null,
        1,
        8,
        null,
        null,
        null,
        1,
        5,
        null,
        null,
        1,
        null,
        5,
        5,
        null,
        null
      ]
    },
    "timestamp": 1398426093
  }
}
