{
  "RSpec": {
    "coverage": {
      "/cs/fs2/home/mhaanran/RubyProjects/worktime/app/models/user.rb": [
        1,
        1,
        null,
        1,
        null,
        1,
        null,
        null,
        null,
        1,
        1,
        1,
        null
      ],
      "/cs/fs2/home/mhaanran/RubyProjects/worktime/app/helpers/application_helper.rb": [
        1,
        null
      ],
      "/cs/fs2/home/mhaanran/RubyProjects/worktime/app/helpers/entries_helper.rb": [
        1,
        null
      ],
      "/cs/fs2/home/mhaanran/RubyProjects/worktime/app/helpers/projects_helper.rb": [
        1,
        null
      ],
      "/cs/fs2/home/mhaanran/RubyProjects/worktime/app/helpers/tasks_helper.rb": [
        1,
        null
      ],
      "/cs/fs2/home/mhaanran/RubyProjects/worktime/app/helpers/user_projects_helper.rb": [
        1,
        null
      ],
      "/cs/fs2/home/mhaanran/RubyProjects/worktime/app/helpers/users_helper.rb": [
        1,
        null
      ],
      "/cs/fs2/home/mhaanran/RubyProjects/worktime/app/models/entry.rb": [
        1,
        1,
        1,
        1,
        1,
        null
      ],
      "/cs/fs2/home/mhaanran/RubyProjects/worktime/app/models/project.rb": [
        1,
        1,
        null,
        1,
        1,
        1,
        1,
        null
      ],
      "/cs/fs2/home/mhaanran/RubyProjects/worktime/app/models/task.rb": [
        1,
        1,
        null,
        1,
        1,
        null
      ],
      "/cs/fs2/home/mhaanran/RubyProjects/worktime/app/models/user_project.rb": [
        1,
        1,
        1,
        1,
        null
      ],
      "/cs/fs2/home/mhaanran/RubyProjects/worktime/app/controllers/sessions_controller.rb": [
        1,
        null,
        1,
        null,
        null,
        1,
        6,
        6,
        2,
        null,
        4,
        4,
        null,
        null,
        null,
        1,
        0,
        0,
        null,
        null
      ],
      "/cs/fs2/home/mhaanran/RubyProjects/worktime/app/controllers/application_controller.rb": [
        1,
        null,
        null,
        1,
        null,
        1,
        null,
        1,
        52,
        25,
        null,
        null,
        1,
        6,
        null,
        null,
        1,
        2,
        2,
        null,
        null,
        null
      ],
      "/cs/fs2/home/mhaanran/RubyProjects/worktime/app/controllers/projects_controller.rb": [
        1,
        1,
        1,
        1,
        null,
        null,
        null,
        1,
        10,
        null,
        null,
        null,
        null,
        1,
        1,
        null,
        null,
        null,
        null,
        1,
        1,
        null,
        null,
        null,
        1,
        null,
        null,
        null,
        null,
        1,
        1,
        null,
        1,
        1,
        2,
        1,
        null,
        0,
        0,
        null,
        null,
        null,
        null,
        null,
        null,
        1,
        0,
        0,
        0,
        0,
        null,
        0,
        0,
        null,
        null,
        null,
        null,
        null,
        null,
        1,
        0,
        0,
        0,
        0,
        null,
        null,
        null,
        1,
        null,
        1,
        1,
        null,
        null,
        null,
        1,
        1,
        null,
        null
      ],
      "/cs/fs2/home/mhaanran/RubyProjects/worktime/app/controllers/users_controller.rb": [
        1,
        1,
        1,
        1,
        null,
        null,
        null,
        1,
        0,
        null,
        null,
        null,
        null,
        1,
        null,
        null,
        null,
        1,
        7,
        null,
        null,
        null,
        1,
        null,
        null,
        null,
        null,
        1,
        7,
        null,
        7,
        7,
        4,
        2,
        null,
        10,
        5,
        null,
        null,
        null,
        null,
        null,
        null,
        1,
        0,
        0,
        0,
        0,
        null,
        0,
        0,
        null,
        null,
        null,
        null,
        null,
        null,
        1,
        0,
        0,
        0,
        0,
        null,
        null,
        null,
        1,
        null,
        1,
        2,
        null,
        null,
        null,
        1,
        7,
        null,
        null
      ]
    },
    "timestamp": 1397728148
  }
}
